*** Starting uWSGI 2.0.18 (64bit) on [Mon Apr 13 18:05:47 2020] ***
compiled with version: 4.8.5 on 13 April 2020 09:24:39
os: Linux-4.4.0-176-generic #206-Ubuntu SMP Fri Feb 28 05:02:04 UTC 2020
nodename: iZ8vbhpyoe1z16nd4vzi7qZ
machine: x86_64
clock source: unix
pcre jit disabled
detected number of CPU cores: 2
current working directory: /root/TCSZWeb
detected binary path: /root/anaconda3/bin/uwsgi
uWSGI running as root, you can use --uid/--gid/--chroot options
*** WARNING: you are running uWSGI as root !!! (use the --uid flag) *** 
chdir() to /root/TCSZWeb
your processes number limit is 31205
your memory page size is 4096 bytes
detected max file descriptor number: 65535
lock engine: pthread robust mutexes
thunder lock: disabled (you can enable it with --thunder-lock)
probably another instance of uWSGI is running on the same address (:8000).
bind(): Address already in use [core/socket.c line 769]
*** Starting uWSGI 2.0.18 (64bit) on [Mon Apr 13 18:06:19 2020] ***
compiled with version: 4.8.5 on 13 April 2020 09:24:39
os: Linux-4.4.0-176-generic #206-Ubuntu SMP Fri Feb 28 05:02:04 UTC 2020
nodename: iZ8vbhpyoe1z16nd4vzi7qZ
machine: x86_64
clock source: unix
pcre jit disabled
detected number of CPU cores: 2
current working directory: /root/TCSZWeb
detected binary path: /root/anaconda3/bin/uwsgi
uWSGI running as root, you can use --uid/--gid/--chroot options
*** WARNING: you are running uWSGI as root !!! (use the --uid flag) *** 
chdir() to /root/TCSZWeb
your processes number limit is 31205
your memory page size is 4096 bytes
detected max file descriptor number: 65535
lock engine: pthread robust mutexes
thunder lock: disabled (you can enable it with --thunder-lock)
probably another instance of uWSGI is running on the same address (:8000).
bind(): Address already in use [core/socket.c line 769]
